<?xml version="1.0" encoding="UTF-8"?>
<!-- Generated by org.testng.reporters.JUnitReportReporter -->
<testsuite hostname="VARUNY02" failures="0" tests="2" name="TestPackage.assertTest" time="19.116" errors="0" timestamp="2020-10-13T19:09:44 IST" skipped="0">
  <testcase classname="TestPackage.assertTest" name="hardAssert" time="5.985"/>
  <system-out/>
  <testcase classname="TestPackage.assertTest" name="softAssert" time="13.131"/>
  <system-out/>
</testsuite> <!-- TestPackage.assertTest -->
