<?xml version="1.0" encoding="UTF-8"?>
<!-- Generated by org.testng.reporters.JUnitReportReporter -->
<testsuite hostname="VARUNY02" failures="0" tests="2" name="TestPackage.assertTest" time="13.374" errors="0" timestamp="2020-10-12T02:25:59 IST" skipped="0">
  <testcase classname="TestPackage.assertTest" name="hardAssert" time="5.006"/>
  <system-out/>
  <testcase classname="TestPackage.assertTest" name="softAssert" time="8.368"/>
  <system-out/>
</testsuite> <!-- TestPackage.assertTest -->
