<?xml version="1.0" encoding="UTF-8"?>
<!-- Generated by org.testng.reporters.JUnitReportReporter -->
<testsuite ignored="0" hostname="VARUNY02" failures="0" tests="1" name="TestPackage.TestHashmap" time="0.018" errors="0" timestamp="20 May 2020 14:40:30 GMT" skipped="0">
  <testcase classname="TestPackage.TestHashmap" name="testhashmap" time="0.018"/>
</testsuite> <!-- TestPackage.TestHashmap -->
