<?xml version="1.0" encoding="UTF-8"?>
<!-- Generated by org.testng.reporters.JUnitReportReporter -->
<testsuite ignored="0" hostname="VARUNY02" failures="0" tests="1" name="datadriven" time="0.988" errors="0" timestamp="13 Jul 2020 05:54:15 GMT" skipped="0">
  <testcase classname="datadriven" name="testdatadriven" time="0.988"/>
</testsuite> <!-- datadriven -->
