<?xml version="1.0" encoding="UTF-8"?>
<!-- Generated by org.testng.reporters.JUnitReportReporter -->
<testsuite ignored="0" hostname="VARUNY02" failures="0" tests="1" name="TestPackage.TestHashmap" time="0.000" errors="0" timestamp="13 Jul 2020 05:56:54 GMT" skipped="0">
  <testcase classname="TestPackage.TestHashmap" name="testhashmap" time="0.000"/>
</testsuite> <!-- TestPackage.TestHashmap -->
