<?xml version="1.0" encoding="UTF-8"?>
<!-- Generated by org.testng.reporters.JUnitReportReporter -->
<testsuite ignored="0" hostname="VARUNY02" failures="0" tests="2" name="TestPackage.assertTest" time="70.370" errors="0" timestamp="10 Oct 2020 13:22:22 GMT" skipped="0">
  <testcase classname="TestPackage.assertTest" name="hardAssert" time="39.746"/>
  <testcase classname="TestPackage.assertTest" name="softAssert" time="30.624"/>
</testsuite> <!-- TestPackage.assertTest -->
